<?xml version="1.0" encoding="UTF-8" standalone="yes"?><!DOCTYPE report PUBLIC "-//JACOCO//DTD Report 1.1//EN" "report.dtd"><report name="productservice"><sessioninfo id="Rushikeshs-MacBook-Air.local-bb9e868a" start="1744047435474" dump="1744047441883"/><package name="com/tus/product"><class name="com/tus/product/ProductserviceApplication" sourcefilename="ProductserviceApplication.java"><method name="&lt;init&gt;" desc="()V" line="8"><counter type="INSTRUCTION" missed="0" covered="3"/><counter type="LINE" missed="0" covered="1"/><counter type="COMPLEXITY" missed="0" covered="1"/><counter type="METHOD" missed="0" covered="1"/></method><method name="main" desc="([Ljava/lang/String;)V" line="10"><counter type="INSTRUCTION" missed="5" covered="0"/><counter type="LINE" missed="2" covered="0"/><counter type="COMPLEXITY" missed="1" covered="0"/><counter type="METHOD" missed="1" covered="0"/></method><counter type="INSTRUCTION" missed="5" covered="3"/><counter type="LINE" missed="2" covered="1"/><counter type="COMPLEXITY" missed="1" covered="1"/><counter type="METHOD" missed="1" covered="1"/><counter type="CLASS" missed="0" covered="1"/></class><sourcefile name="ProductserviceApplication.java"><line nr="8" mi="0" ci="3" mb="0" cb="0"/><line nr="10" mi="4" ci="0" mb="0" cb="0"/><line nr="11" mi="1" ci="0" mb="0" cb="0"/><counter type="INSTRUCTION" missed="5" covered="3"/><counter type="LINE" missed="2" covered="1"/><counter type="COMPLEXITY" missed="1" covered="1"/><counter type="METHOD" missed="1" covered="1"/><counter type="CLASS" missed="0" covered="1"/></sourcefile><counter type="INSTRUCTION" missed="5" covered="3"/><counter type="LINE" missed="2" covered="1"/><counter type="COMPLEXITY" missed="1" covered="1"/><counter type="METHOD" missed="1" covered="1"/><counter type="CLASS" missed="0" covered="1"/></package><package name="com/tus/product/repos"><class name="com/tus/product/repos/CouponRepo" sourcefilename="CouponRepo.java"/><class name="com/tus/product/repos/ProductRepo" sourcefilename="ProductRepo.java"/><sourcefile name="CouponRepo.java"/><sourcefile name="ProductRepo.java"/></package><package name="com/tus/product/controller"><class name="com/tus/product/controller/CouponRestController" sourcefilename="CouponRestController.java"><method name="&lt;init&gt;" desc="()V" line="13"><counter type="INSTRUCTION" missed="0" covered="3"/><counter type="LINE" missed="0" covered="1"/><counter type="COMPLEXITY" missed="0" covered="1"/><counter type="METHOD" missed="0" covered="1"/></method><method name="create" desc="(Lcom/tus/product/model/Coupon;)Lorg/springframework/http/ResponseEntity;" line="24"><counter type="INSTRUCTION" missed="10" covered="0"/><counter type="LINE" missed="1" covered="0"/><counter type="COMPLEXITY" missed="1" covered="0"/><counter type="METHOD" missed="1" covered="0"/></method><method name="getCouponByCouponCode" desc="(Ljava/lang/String;)Lorg/springframework/http/ResponseEntity;" line="30"><counter type="INSTRUCTION" missed="13" covered="0"/><counter type="BRANCH" missed="2" covered="0"/><counter type="LINE" missed="4" covered="0"/><counter type="COMPLEXITY" missed="2" covered="0"/><counter type="METHOD" missed="1" covered="0"/></method><method name="getAllCoupons" desc="()Ljava/util/List;" line="41"><counter type="INSTRUCTION" missed="4" covered="0"/><counter type="LINE" missed="1" covered="0"/><counter type="COMPLEXITY" missed="1" covered="0"/><counter type="METHOD" missed="1" covered="0"/></method><method name="updateCoupon" desc="(Ljava/lang/Long;Lcom/tus/product/model/Coupon;)Lorg/springframework/http/ResponseEntity;" line="47"><counter type="INSTRUCTION" missed="12" covered="0"/><counter type="LINE" missed="3" covered="0"/><counter type="COMPLEXITY" missed="1" covered="0"/><counter type="METHOD" missed="1" covered="0"/></method><method name="deleteCoupon" desc="(Ljava/lang/Long;)Lorg/springframework/http/ResponseEntity;" line="61"><counter type="INSTRUCTION" missed="11" covered="0"/><counter type="LINE" missed="3" covered="0"/><counter type="COMPLEXITY" missed="1" covered="0"/><counter type="METHOD" missed="1" covered="0"/></method><method name="deleteCouponByCode" desc="(Ljava/lang/String;)Lorg/springframework/http/ResponseEntity;" line="72"><counter type="INSTRUCTION" missed="17" covered="0"/><counter type="BRANCH" missed="2" covered="0"/><counter type="LINE" missed="5" covered="0"/><counter type="COMPLEXITY" missed="2" covered="0"/><counter type="METHOD" missed="1" covered="0"/></method><method name="lambda$deleteCoupon$3" desc="()Lorg/springframework/http/ResponseEntity;" line="66"><counter type="INSTRUCTION" missed="3" covered="0"/><counter type="LINE" missed="1" covered="0"/><counter type="COMPLEXITY" missed="1" covered="0"/><counter type="METHOD" missed="1" covered="0"/></method><method name="lambda$deleteCoupon$2" desc="(Lcom/tus/product/model/Coupon;)Lorg/springframework/http/ResponseEntity;" line="63"><counter type="INSTRUCTION" missed="7" covered="0"/><counter type="LINE" missed="2" covered="0"/><counter type="COMPLEXITY" missed="1" covered="0"/><counter type="METHOD" missed="1" covered="0"/></method><method name="lambda$updateCoupon$1" desc="()Lorg/springframework/http/ResponseEntity;" line="55"><counter type="INSTRUCTION" missed="3" covered="0"/><counter type="LINE" missed="1" covered="0"/><counter type="COMPLEXITY" missed="1" covered="0"/><counter type="METHOD" missed="1" covered="0"/></method><method name="lambda$updateCoupon$0" desc="(Lcom/tus/product/model/Coupon;Lcom/tus/product/model/Coupon;)Lorg/springframework/http/ResponseEntity;" line="49"><counter type="INSTRUCTION" missed="19" covered="0"/><counter type="LINE" missed="4" covered="0"/><counter type="COMPLEXITY" missed="1" covered="0"/><counter type="METHOD" missed="1" covered="0"/></method><counter type="INSTRUCTION" missed="99" covered="3"/><counter type="BRANCH" missed="4" covered="0"/><counter type="LINE" missed="23" covered="1"/><counter type="COMPLEXITY" missed="12" covered="1"/><counter type="METHOD" missed="10" covered="1"/><counter type="CLASS" missed="0" covered="1"/></class><class name="com/tus/product/controller/ProductRestController" sourcefilename="ProductRestController.java"><method name="&lt;init&gt;" desc="()V" line="21"><counter type="INSTRUCTION" missed="0" covered="3"/><counter type="LINE" missed="0" covered="1"/><counter type="COMPLEXITY" missed="0" covered="1"/><counter type="METHOD" missed="0" covered="1"/></method><method name="create" desc="(Lcom/tus/product/model/Product;)Lorg/springframework/http/ResponseEntity;" line="32"><counter type="INSTRUCTION" missed="0" covered="66"/><counter type="BRANCH" missed="1" covered="5"/><counter type="LINE" missed="0" covered="18"/><counter type="COMPLEXITY" missed="1" covered="3"/><counter type="METHOD" missed="0" covered="1"/></method><method name="getAllProducts" desc="()Ljava/util/List;" line="70"><counter type="INSTRUCTION" missed="13" covered="0"/><counter type="LINE" missed="4" covered="0"/><counter type="COMPLEXITY" missed="1" covered="0"/><counter type="METHOD" missed="1" covered="0"/></method><method name="getProductById" desc="(Ljava/lang/Long;)Lorg/springframework/http/ResponseEntity;" line="80"><counter type="INSTRUCTION" missed="13" covered="0"/><counter type="LINE" missed="4" covered="0"/><counter type="COMPLEXITY" missed="1" covered="0"/><counter type="METHOD" missed="1" covered="0"/></method><method name="updateProduct" desc="(Ljava/lang/Long;Lcom/tus/product/model/Product;)Lorg/springframework/http/ResponseEntity;" line="89"><counter type="INSTRUCTION" missed="12" covered="0"/><counter type="LINE" missed="3" covered="0"/><counter type="COMPLEXITY" missed="1" covered="0"/><counter type="METHOD" missed="1" covered="0"/></method><method name="deleteProduct" desc="(Ljava/lang/Long;)Lorg/springframework/http/ResponseEntity;" line="132"><counter type="INSTRUCTION" missed="11" covered="0"/><counter type="LINE" missed="3" covered="0"/><counter type="COMPLEXITY" missed="1" covered="0"/><counter type="METHOD" missed="1" covered="0"/></method><method name="populateTransientFields" desc="(Lcom/tus/product/model/Product;)Lcom/tus/product/model/Product;" line="142"><counter type="INSTRUCTION" missed="36" covered="0"/><counter type="BRANCH" missed="6" covered="0"/><counter type="LINE" missed="10" covered="0"/><counter type="COMPLEXITY" missed="4" covered="0"/><counter type="METHOD" missed="1" covered="0"/></method><method name="lambda$deleteProduct$4" desc="()Lorg/springframework/http/ResponseEntity;" line="137"><counter type="INSTRUCTION" missed="3" covered="0"/><counter type="LINE" missed="1" covered="0"/><counter type="COMPLEXITY" missed="1" covered="0"/><counter type="METHOD" missed="1" covered="0"/></method><method name="lambda$deleteProduct$3" desc="(Lcom/tus/product/model/Product;)Lorg/springframework/http/ResponseEntity;" line="134"><counter type="INSTRUCTION" missed="7" covered="0"/><counter type="LINE" missed="2" covered="0"/><counter type="COMPLEXITY" missed="1" covered="0"/><counter type="METHOD" missed="1" covered="0"/></method><method name="lambda$updateProduct$2" desc="()Lorg/springframework/http/ResponseEntity;" line="126"><counter type="INSTRUCTION" missed="3" covered="0"/><counter type="LINE" missed="1" covered="0"/><counter type="COMPLEXITY" missed="1" covered="0"/><counter type="METHOD" missed="1" covered="0"/></method><method name="lambda$updateProduct$1" desc="(Lcom/tus/product/model/Product;Lcom/tus/product/model/Product;)Lorg/springframework/http/ResponseEntity;" line="92"><counter type="INSTRUCTION" missed="72" covered="0"/><counter type="BRANCH" missed="6" covered="0"/><counter type="LINE" missed="20" covered="0"/><counter type="COMPLEXITY" missed="4" covered="0"/><counter type="METHOD" missed="1" covered="0"/></method><method name="lambda$getProductById$0" desc="()Lorg/springframework/http/ResponseEntity;" line="83"><counter type="INSTRUCTION" missed="3" covered="0"/><counter type="LINE" missed="1" covered="0"/><counter type="COMPLEXITY" missed="1" covered="0"/><counter type="METHOD" missed="1" covered="0"/></method><counter type="INSTRUCTION" missed="173" covered="69"/><counter type="BRANCH" missed="13" covered="5"/><counter type="LINE" missed="46" covered="19"/><counter type="COMPLEXITY" missed="17" covered="4"/><counter type="METHOD" missed="10" covered="2"/><counter type="CLASS" missed="0" covered="1"/></class><sourcefile name="CouponRestController.java"><line nr="13" mi="0" ci="3" mb="0" cb="0"/><line nr="24" mi="10" ci="0" mb="0" cb="0"/><line nr="30" mi="5" ci="0" mb="0" cb="0"/><line nr="31" mi="2" ci="0" mb="2" cb="0"/><line nr="32" mi="3" ci="0" mb="0" cb="0"/><line nr="34" mi="3" ci="0" mb="0" cb="0"/><line nr="41" mi="4" ci="0" mb="0" cb="0"/><line nr="47" mi="8" ci="0" mb="0" cb="0"/><line nr="48" mi="2" ci="0" mb="0" cb="0"/><line nr="49" mi="4" ci="0" mb="0" cb="0"/><line nr="50" mi="4" ci="0" mb="0" cb="0"/><line nr="51" mi="4" ci="0" mb="0" cb="0"/><line nr="53" mi="7" ci="0" mb="0" cb="0"/><line nr="55" mi="5" ci="0" mb="0" cb="0"/><line nr="61" mi="7" ci="0" mb="0" cb="0"/><line nr="62" mi="2" ci="0" mb="0" cb="0"/><line nr="63" mi="4" ci="0" mb="0" cb="0"/><line nr="64" mi="3" ci="0" mb="0" cb="0"/><line nr="66" mi="5" ci="0" mb="0" cb="0"/><line nr="72" mi="5" ci="0" mb="0" cb="0"/><line nr="73" mi="2" ci="0" mb="2" cb="0"/><line nr="74" mi="4" ci="0" mb="0" cb="0"/><line nr="75" mi="3" ci="0" mb="0" cb="0"/><line nr="77" mi="3" ci="0" mb="0" cb="0"/><counter type="INSTRUCTION" missed="99" covered="3"/><counter type="BRANCH" missed="4" covered="0"/><counter type="LINE" missed="23" covered="1"/><counter type="COMPLEXITY" missed="12" covered="1"/><counter type="METHOD" missed="10" covered="1"/><counter type="CLASS" missed="0" covered="1"/></sourcefile><sourcefile name="ProductRestController.java"><line nr="21" mi="0" ci="3" mb="0" cb="0"/><line nr="32" mi="0" ci="3" mb="0" cb="0"/><line nr="33" mi="0" ci="3" mb="0" cb="0"/><line nr="34" mi="0" ci="2" mb="0" cb="0"/><line nr="35" mi="0" ci="2" mb="0" cb="0"/><line nr="38" mi="0" ci="5" mb="1" cb="3"/><line nr="39" mi="0" ci="5" mb="0" cb="0"/><line nr="40" mi="0" ci="2" mb="0" cb="2"/><line nr="42" mi="0" ci="3" mb="0" cb="0"/><line nr="44" mi="0" ci="6" mb="0" cb="0"/><line nr="45" mi="0" ci="3" mb="0" cb="0"/><line nr="46" mi="0" ci="1" mb="0" cb="0"/><line nr="48" mi="0" ci="7" mb="0" cb="0"/><line nr="53" mi="0" ci="3" mb="0" cb="0"/><line nr="54" mi="0" ci="3" mb="0" cb="0"/><line nr="58" mi="0" ci="6" mb="0" cb="0"/><line nr="61" mi="0" ci="3" mb="0" cb="0"/><line nr="62" mi="0" ci="3" mb="0" cb="0"/><line nr="64" mi="0" ci="6" mb="0" cb="0"/><line nr="70" mi="4" ci="0" mb="0" cb="0"/><line nr="72" mi="5" ci="0" mb="0" cb="0"/><line nr="73" mi="1" ci="0" mb="0" cb="0"/><line nr="74" mi="3" ci="0" mb="0" cb="0"/><line nr="80" mi="7" ci="0" mb="0" cb="0"/><line nr="81" mi="2" ci="0" mb="0" cb="0"/><line nr="82" mi="2" ci="0" mb="0" cb="0"/><line nr="83" mi="5" ci="0" mb="0" cb="0"/><line nr="89" mi="8" ci="0" mb="0" cb="0"/><line nr="90" mi="2" ci="0" mb="0" cb="0"/><line nr="92" mi="4" ci="0" mb="0" cb="0"/><line nr="93" mi="4" ci="0" mb="0" cb="0"/><line nr="94" mi="4" ci="0" mb="0" cb="0"/><line nr="97" mi="3" ci="0" mb="0" cb="0"/><line nr="98" mi="3" ci="0" mb="0" cb="0"/><line nr="99" mi="2" ci="0" mb="0" cb="0"/><line nr="100" mi="2" ci="0" mb="0" cb="0"/><line nr="102" mi="5" ci="0" mb="4" cb="0"/><line nr="103" mi="5" ci="0" mb="0" cb="0"/><line nr="104" mi="2" ci="0" mb="2" cb="0"/><line nr="105" mi="3" ci="0" mb="0" cb="0"/><line nr="106" mi="6" ci="0" mb="0" cb="0"/><line nr="107" mi="3" ci="0" mb="0" cb="0"/><line nr="108" mi="1" ci="0" mb="0" cb="0"/><line nr="109" mi="7" ci="0" mb="0" cb="0"/><line nr="116" mi="3" ci="0" mb="0" cb="0"/><line nr="118" mi="6" ci="0" mb="0" cb="0"/><line nr="121" mi="3" ci="0" mb="0" cb="0"/><line nr="122" mi="3" ci="0" mb="0" cb="0"/><line nr="124" mi="3" ci="0" mb="0" cb="0"/><line nr="126" mi="5" ci="0" mb="0" cb="0"/><line nr="132" mi="7" ci="0" mb="0" cb="0"/><line nr="133" mi="2" ci="0" mb="0" cb="0"/><line nr="134" mi="4" ci="0" mb="0" cb="0"/><line nr="135" mi="3" ci="0" mb="0" cb="0"/><line nr="137" mi="5" ci="0" mb="0" cb="0"/><line nr="142" mi="3" ci="0" mb="0" cb="0"/><line nr="143" mi="3" ci="0" mb="0" cb="0"/><line nr="144" mi="3" ci="0" mb="0" cb="0"/><line nr="146" mi="5" ci="0" mb="4" cb="0"/><line nr="147" mi="5" ci="0" mb="0" cb="0"/><line nr="148" mi="2" ci="0" mb="2" cb="0"/><line nr="149" mi="3" ci="0" mb="0" cb="0"/><line nr="150" mi="7" ci="0" mb="0" cb="0"/><line nr="155" mi="3" ci="0" mb="0" cb="0"/><line nr="156" mi="2" ci="0" mb="0" cb="0"/><counter type="INSTRUCTION" missed="173" covered="69"/><counter type="BRANCH" missed="13" covered="5"/><counter type="LINE" missed="46" covered="19"/><counter type="COMPLEXITY" missed="17" covered="4"/><counter type="METHOD" missed="10" covered="2"/><counter type="CLASS" missed="0" covered="1"/></sourcefile><counter type="INSTRUCTION" missed="272" covered="72"/><counter type="BRANCH" missed="17" covered="5"/><counter type="LINE" missed="69" covered="20"/><counter type="COMPLEXITY" missed="29" covered="5"/><counter type="METHOD" missed="20" covered="3"/><counter type="CLASS" missed="0" covered="2"/></package><package name="com/tus/product/dto"><class name="com/tus/product/dto/Coupon" sourcefilename="Coupon.java"><method name="&lt;init&gt;" desc="()V" line="5"><counter type="INSTRUCTION" missed="3" covered="0"/><counter type="LINE" missed="1" covered="0"/><counter type="COMPLEXITY" missed="1" covered="0"/><counter type="METHOD" missed="1" covered="0"/></method><method name="getCode" desc="()Ljava/lang/String;" line="12"><counter type="INSTRUCTION" missed="3" covered="0"/><counter type="LINE" missed="1" covered="0"/><counter type="COMPLEXITY" missed="1" covered="0"/><counter type="METHOD" missed="1" covered="0"/></method><method name="setCode" desc="(Ljava/lang/String;)V" line="16"><counter type="INSTRUCTION" missed="4" covered="0"/><counter type="LINE" missed="2" covered="0"/><counter type="COMPLEXITY" missed="1" covered="0"/><counter type="METHOD" missed="1" covered="0"/></method><method name="getDiscount" desc="()Ljava/math/BigDecimal;" line="20"><counter type="INSTRUCTION" missed="3" covered="0"/><counter type="LINE" missed="1" covered="0"/><counter type="COMPLEXITY" missed="1" covered="0"/><counter type="METHOD" missed="1" covered="0"/></method><method name="setDiscount" desc="(Ljava/math/BigDecimal;)V" line="24"><counter type="INSTRUCTION" missed="4" covered="0"/><counter type="LINE" missed="2" covered="0"/><counter type="COMPLEXITY" missed="1" covered="0"/><counter type="METHOD" missed="1" covered="0"/></method><method name="getExpDate" desc="()Ljava/lang/String;" line="28"><counter type="INSTRUCTION" missed="3" covered="0"/><counter type="LINE" missed="1" covered="0"/><counter type="COMPLEXITY" missed="1" covered="0"/><counter type="METHOD" missed="1" covered="0"/></method><method name="setExpDate" desc="(Ljava/lang/String;)V" line="32"><counter type="INSTRUCTION" missed="4" covered="0"/><counter type="LINE" missed="2" covered="0"/><counter type="COMPLEXITY" missed="1" covered="0"/><counter type="METHOD" missed="1" covered="0"/></method><method name="getId" desc="()Ljava/lang/Long;" line="36"><counter type="INSTRUCTION" missed="3" covered="0"/><counter type="LINE" missed="1" covered="0"/><counter type="COMPLEXITY" missed="1" covered="0"/><counter type="METHOD" missed="1" covered="0"/></method><method name="setId" desc="(Ljava/lang/Long;)V" line="40"><counter type="INSTRUCTION" missed="4" covered="0"/><counter type="LINE" missed="2" covered="0"/><counter type="COMPLEXITY" missed="1" covered="0"/><counter type="METHOD" missed="1" covered="0"/></method><counter type="INSTRUCTION" missed="31" covered="0"/><counter type="LINE" missed="13" covered="0"/><counter type="COMPLEXITY" missed="9" covered="0"/><counter type="METHOD" missed="9" covered="0"/><counter type="CLASS" missed="1" covered="0"/></class><sourcefile name="Coupon.java"><line nr="5" mi="3" ci="0" mb="0" cb="0"/><line nr="12" mi="3" ci="0" mb="0" cb="0"/><line nr="16" mi="3" ci="0" mb="0" cb="0"/><line nr="17" mi="1" ci="0" mb="0" cb="0"/><line nr="20" mi="3" ci="0" mb="0" cb="0"/><line nr="24" mi="3" ci="0" mb="0" cb="0"/><line nr="25" mi="1" ci="0" mb="0" cb="0"/><line nr="28" mi="3" ci="0" mb="0" cb="0"/><line nr="32" mi="3" ci="0" mb="0" cb="0"/><line nr="33" mi="1" ci="0" mb="0" cb="0"/><line nr="36" mi="3" ci="0" mb="0" cb="0"/><line nr="40" mi="3" ci="0" mb="0" cb="0"/><line nr="41" mi="1" ci="0" mb="0" cb="0"/><counter type="INSTRUCTION" missed="31" covered="0"/><counter type="LINE" missed="13" covered="0"/><counter type="COMPLEXITY" missed="9" covered="0"/><counter type="METHOD" missed="9" covered="0"/><counter type="CLASS" missed="1" covered="0"/></sourcefile><counter type="INSTRUCTION" missed="31" covered="0"/><counter type="LINE" missed="13" covered="0"/><counter type="COMPLEXITY" missed="9" covered="0"/><counter type="METHOD" missed="9" covered="0"/><counter type="CLASS" missed="1" covered="0"/></package><package name="com/tus/product/model"><class name="com/tus/product/model/Coupon" sourcefilename="Coupon.java"><method name="&lt;init&gt;" desc="()V" line="11"><counter type="INSTRUCTION" missed="0" covered="3"/><counter type="LINE" missed="0" covered="1"/><counter type="COMPLEXITY" missed="0" covered="1"/><counter type="METHOD" missed="0" covered="1"/></method><method name="getCode" desc="()Ljava/lang/String;" line="22"><counter type="INSTRUCTION" missed="0" covered="3"/><counter type="LINE" missed="0" covered="1"/><counter type="COMPLEXITY" missed="0" covered="1"/><counter type="METHOD" missed="0" covered="1"/></method><method name="setCode" desc="(Ljava/lang/String;)V" line="26"><counter type="INSTRUCTION" missed="0" covered="4"/><counter type="LINE" missed="0" covered="2"/><counter type="COMPLEXITY" missed="0" covered="1"/><counter type="METHOD" missed="0" covered="1"/></method><method name="getDiscount" desc="()Ljava/math/BigDecimal;" line="30"><counter type="INSTRUCTION" missed="0" covered="3"/><counter type="LINE" missed="0" covered="1"/><counter type="COMPLEXITY" missed="0" covered="1"/><counter type="METHOD" missed="0" covered="1"/></method><method name="setDiscount" desc="(Ljava/math/BigDecimal;)V" line="34"><counter type="INSTRUCTION" missed="0" covered="4"/><counter type="LINE" missed="0" covered="2"/><counter type="COMPLEXITY" missed="0" covered="1"/><counter type="METHOD" missed="0" covered="1"/></method><method name="getExpDate" desc="()Ljava/lang/String;" line="38"><counter type="INSTRUCTION" missed="3" covered="0"/><counter type="LINE" missed="1" covered="0"/><counter type="COMPLEXITY" missed="1" covered="0"/><counter type="METHOD" missed="1" covered="0"/></method><method name="setExpDate" desc="(Ljava/lang/String;)V" line="42"><counter type="INSTRUCTION" missed="0" covered="4"/><counter type="LINE" missed="0" covered="2"/><counter type="COMPLEXITY" missed="0" covered="1"/><counter type="METHOD" missed="0" covered="1"/></method><method name="getId" desc="()Ljava/lang/Long;" line="46"><counter type="INSTRUCTION" missed="3" covered="0"/><counter type="LINE" missed="1" covered="0"/><counter type="COMPLEXITY" missed="1" covered="0"/><counter type="METHOD" missed="1" covered="0"/></method><method name="setId" desc="(Ljava/lang/Long;)V" line="50"><counter type="INSTRUCTION" missed="0" covered="4"/><counter type="LINE" missed="0" covered="2"/><counter type="COMPLEXITY" missed="0" covered="1"/><counter type="METHOD" missed="0" covered="1"/></method><counter type="INSTRUCTION" missed="6" covered="25"/><counter type="LINE" missed="2" covered="11"/><counter type="COMPLEXITY" missed="2" covered="7"/><counter type="METHOD" missed="2" covered="7"/><counter type="CLASS" missed="0" covered="1"/></class><class name="com/tus/product/model/Product" sourcefilename="Product.java"><method name="&lt;init&gt;" desc="()V" line="12"><counter type="INSTRUCTION" missed="0" covered="3"/><counter type="LINE" missed="0" covered="1"/><counter type="COMPLEXITY" missed="0" covered="1"/><counter type="METHOD" missed="0" covered="1"/></method><method name="getId" desc="()Ljava/lang/Long;" line="32"><counter type="INSTRUCTION" missed="0" covered="3"/><counter type="LINE" missed="0" covered="1"/><counter type="COMPLEXITY" missed="0" covered="1"/><counter type="METHOD" missed="0" covered="1"/></method><method name="setId" desc="(Ljava/lang/Long;)V" line="36"><counter type="INSTRUCTION" missed="0" covered="4"/><counter type="LINE" missed="0" covered="2"/><counter type="COMPLEXITY" missed="0" covered="1"/><counter type="METHOD" missed="0" covered="1"/></method><method name="getName" desc="()Ljava/lang/String;" line="40"><counter type="INSTRUCTION" missed="0" covered="3"/><counter type="LINE" missed="0" covered="1"/><counter type="COMPLEXITY" missed="0" covered="1"/><counter type="METHOD" missed="0" covered="1"/></method><method name="setName" desc="(Ljava/lang/String;)V" line="44"><counter type="INSTRUCTION" missed="0" covered="4"/><counter type="LINE" missed="0" covered="2"/><counter type="COMPLEXITY" missed="0" covered="1"/><counter type="METHOD" missed="0" covered="1"/></method><method name="getDescription" desc="()Ljava/lang/String;" line="48"><counter type="INSTRUCTION" missed="0" covered="3"/><counter type="LINE" missed="0" covered="1"/><counter type="COMPLEXITY" missed="0" covered="1"/><counter type="METHOD" missed="0" covered="1"/></method><method name="setDescription" desc="(Ljava/lang/String;)V" line="52"><counter type="INSTRUCTION" missed="0" covered="4"/><counter type="LINE" missed="0" covered="2"/><counter type="COMPLEXITY" missed="0" covered="1"/><counter type="METHOD" missed="0" covered="1"/></method><method name="getPrice" desc="()Ljava/math/BigDecimal;" line="56"><counter type="INSTRUCTION" missed="0" covered="3"/><counter type="LINE" missed="0" covered="1"/><counter type="COMPLEXITY" missed="0" covered="1"/><counter type="METHOD" missed="0" covered="1"/></method><method name="setPrice" desc="(Ljava/math/BigDecimal;)V" line="60"><counter type="INSTRUCTION" missed="0" covered="4"/><counter type="LINE" missed="0" covered="2"/><counter type="COMPLEXITY" missed="0" covered="1"/><counter type="METHOD" missed="0" covered="1"/></method><method name="getAppliedCouponCode" desc="()Ljava/lang/String;" line="65"><counter type="INSTRUCTION" missed="0" covered="3"/><counter type="LINE" missed="0" covered="1"/><counter type="COMPLEXITY" missed="0" covered="1"/><counter type="METHOD" missed="0" covered="1"/></method><method name="setAppliedCouponCode" desc="(Ljava/lang/String;)V" line="69"><counter type="INSTRUCTION" missed="0" covered="4"/><counter type="LINE" missed="0" covered="2"/><counter type="COMPLEXITY" missed="0" covered="1"/><counter type="METHOD" missed="0" covered="1"/></method><method name="getCouponCode" desc="()Ljava/lang/String;" line="74"><counter type="INSTRUCTION" missed="0" covered="3"/><counter type="LINE" missed="0" covered="1"/><counter type="COMPLEXITY" missed="0" covered="1"/><counter type="METHOD" missed="0" covered="1"/></method><method name="setCouponCode" desc="(Ljava/lang/String;)V" line="78"><counter type="INSTRUCTION" missed="0" covered="4"/><counter type="LINE" missed="0" covered="2"/><counter type="COMPLEXITY" missed="0" covered="1"/><counter type="METHOD" missed="0" covered="1"/></method><method name="getDiscountedPrice" desc="()Ljava/math/BigDecimal;" line="84"><counter type="INSTRUCTION" missed="0" covered="9"/><counter type="BRANCH" missed="0" covered="2"/><counter type="LINE" missed="0" covered="3"/><counter type="COMPLEXITY" missed="0" covered="2"/><counter type="METHOD" missed="0" covered="1"/></method><method name="setDiscountedPrice" desc="(Ljava/math/BigDecimal;)V" line="92"><counter type="INSTRUCTION" missed="0" covered="4"/><counter type="LINE" missed="0" covered="2"/><counter type="COMPLEXITY" missed="0" covered="1"/><counter type="METHOD" missed="0" covered="1"/></method><counter type="INSTRUCTION" missed="0" covered="58"/><counter type="BRANCH" missed="0" covered="2"/><counter type="LINE" missed="0" covered="24"/><counter type="COMPLEXITY" missed="0" covered="16"/><counter type="METHOD" missed="0" covered="15"/><counter type="CLASS" missed="0" covered="1"/></class><sourcefile name="Product.java"><line nr="12" mi="0" ci="3" mb="0" cb="0"/><line nr="32" mi="0" ci="3" mb="0" cb="0"/><line nr="36" mi="0" ci="3" mb="0" cb="0"/><line nr="37" mi="0" ci="1" mb="0" cb="0"/><line nr="40" mi="0" ci="3" mb="0" cb="0"/><line nr="44" mi="0" ci="3" mb="0" cb="0"/><line nr="45" mi="0" ci="1" mb="0" cb="0"/><line nr="48" mi="0" ci="3" mb="0" cb="0"/><line nr="52" mi="0" ci="3" mb="0" cb="0"/><line nr="53" mi="0" ci="1" mb="0" cb="0"/><line nr="56" mi="0" ci="3" mb="0" cb="0"/><line nr="60" mi="0" ci="3" mb="0" cb="0"/><line nr="61" mi="0" ci="1" mb="0" cb="0"/><line nr="65" mi="0" ci="3" mb="0" cb="0"/><line nr="69" mi="0" ci="3" mb="0" cb="0"/><line nr="70" mi="0" ci="1" mb="0" cb="0"/><line nr="74" mi="0" ci="3" mb="0" cb="0"/><line nr="78" mi="0" ci="3" mb="0" cb="0"/><line nr="79" mi="0" ci="1" mb="0" cb="0"/><line nr="84" mi="0" ci="3" mb="0" cb="2"/><line nr="86" mi="0" ci="3" mb="0" cb="0"/><line nr="88" mi="0" ci="3" mb="0" cb="0"/><line nr="92" mi="0" ci="3" mb="0" cb="0"/><line nr="93" mi="0" ci="1" mb="0" cb="0"/><counter type="INSTRUCTION" missed="0" covered="58"/><counter type="BRANCH" missed="0" covered="2"/><counter type="LINE" missed="0" covered="24"/><counter type="COMPLEXITY" missed="0" covered="16"/><counter type="METHOD" missed="0" covered="15"/><counter type="CLASS" missed="0" covered="1"/></sourcefile><sourcefile name="Coupon.java"><line nr="11" mi="0" ci="3" mb="0" cb="0"/><line nr="22" mi="0" ci="3" mb="0" cb="0"/><line nr="26" mi="0" ci="3" mb="0" cb="0"/><line nr="27" mi="0" ci="1" mb="0" cb="0"/><line nr="30" mi="0" ci="3" mb="0" cb="0"/><line nr="34" mi="0" ci="3" mb="0" cb="0"/><line nr="35" mi="0" ci="1" mb="0" cb="0"/><line nr="38" mi="3" ci="0" mb="0" cb="0"/><line nr="42" mi="0" ci="3" mb="0" cb="0"/><line nr="43" mi="0" ci="1" mb="0" cb="0"/><line nr="46" mi="3" ci="0" mb="0" cb="0"/><line nr="50" mi="0" ci="3" mb="0" cb="0"/><line nr="51" mi="0" ci="1" mb="0" cb="0"/><counter type="INSTRUCTION" missed="6" covered="25"/><counter type="LINE" missed="2" covered="11"/><counter type="COMPLEXITY" missed="2" covered="7"/><counter type="METHOD" missed="2" covered="7"/><counter type="CLASS" missed="0" covered="1"/></sourcefile><counter type="INSTRUCTION" missed="6" covered="83"/><counter type="BRANCH" missed="0" covered="2"/><counter type="LINE" missed="2" covered="35"/><counter type="COMPLEXITY" missed="2" covered="23"/><counter type="METHOD" missed="2" covered="22"/><counter type="CLASS" missed="0" covered="2"/></package><counter type="INSTRUCTION" missed="314" covered="158"/><counter type="BRANCH" missed="17" covered="7"/><counter type="LINE" missed="86" covered="56"/><counter type="COMPLEXITY" missed="41" covered="29"/><counter type="METHOD" missed="32" covered="26"/><counter type="CLASS" missed="1" covered="5"/></report>