<?xml version="1.0" encoding="UTF-8"?>
<testsuite xmlns:xsi="http://www.w3.org/2001/XMLSchema-instance" xsi:noNamespaceSchemaLocation="https://maven.apache.org/surefire/maven-surefire-plugin/xsd/surefire-test-report-3.0.xsd" version="3.0" name="com.tus.product.ProductE2ETest" time="5.104" tests="3" errors="0" skipped="0" failures="0">
  <properties>
[...]
</properties>
  <testcase name="testCreateProductE2E_WithoutCoupon" classname="com.tus.product.ProductE2ETest" time="0.609">
    <system-out><![CDATA[18:37:16.045 [main] INFO org.springframework.test.context.support.AnnotationConfigContextLoaderUtils -- Could not detect default configuration classes for test class [com.tus.product.ProductE2ETest]: ProductE2ETest does not declare any static, non-private, non-final, nested classes annotated with @Configuration.
18:37:16.123 [main] INFO org.springframework.boot.test.context.SpringBootTestContextBootstrapper -- Found @SpringBootConfiguration com.tus.product.ProductserviceApplication for test class com.tus.product.ProductE2ETest

  .   ____          _            __ _ _
 /\\ / ___'_ __ _ _(_)_ __  __ _ \ \ \ \
( ( )\___ | '_ | '_| | '_ \/ _` | \ \ \ \
 \\/  ___)| |_)| | | | | || (_| |  ) ) ) )
  '  |____| .__|_| |_|_| |_\__, | / / / /
 =========|_|==============|___/=/_/_/_/
&amp#27;[32m :: Spring Boot :: &amp#27;[39m              &amp#27;[2m (v3.1.4)&amp#27;[0;39m

&amp#27;[2m2025-04-07T18:37:16.523+01:00&amp#27;[0;39m &amp#27;[32m INFO&amp#27;[0;39m &amp#27;[35m26306&amp#27;[0;39m &amp#27;[2m---&amp#27;[0;39m &amp#27;[2m[           main]&amp#27;[0;39m &amp#27;[36mcom.tus.product.ProductE2ETest          &amp#27;[0;39m &amp#27;[2m:&amp#27;[0;39m Starting ProductE2ETest using Java 23.0.2 with PID 26306 (started by rushikesh in /Users/rushikesh/Desktop/Microservices/productservice)
&amp#27;[2m2025-04-07T18:37:16.524+01:00&amp#27;[0;39m &amp#27;[32m INFO&amp#27;[0;39m &amp#27;[35m26306&amp#27;[0;39m &amp#27;[2m---&amp#27;[0;39m &amp#27;[2m[           main]&amp#27;[0;39m &amp#27;[36mcom.tus.product.ProductE2ETest          &amp#27;[0;39m &amp#27;[2m:&amp#27;[0;39m No active profile set, falling back to 1 default profile: "default"
&amp#27;[2m2025-04-07T18:37:17.073+01:00&amp#27;[0;39m &amp#27;[32m INFO&amp#27;[0;39m &amp#27;[35m26306&amp#27;[0;39m &amp#27;[2m---&amp#27;[0;39m &amp#27;[2m[           main]&amp#27;[0;39m &amp#27;[36m.s.d.r.c.RepositoryConfigurationDelegate&amp#27;[0;39m &amp#27;[2m:&amp#27;[0;39m Bootstrapping Spring Data JPA repositories in DEFAULT mode.
&amp#27;[2m2025-04-07T18:37:17.109+01:00&amp#27;[0;39m &amp#27;[32m INFO&amp#27;[0;39m &amp#27;[35m26306&amp#27;[0;39m &amp#27;[2m---&amp#27;[0;39m &amp#27;[2m[           main]&amp#27;[0;39m &amp#27;[36m.s.d.r.c.RepositoryConfigurationDelegate&amp#27;[0;39m &amp#27;[2m:&amp#27;[0;39m Finished Spring Data repository scanning in 29 ms. Found 2 JPA repository interfaces.
&amp#27;[2m2025-04-07T18:37:17.513+01:00&amp#27;[0;39m &amp#27;[32m INFO&amp#27;[0;39m &amp#27;[35m26306&amp#27;[0;39m &amp#27;[2m---&amp#27;[0;39m &amp#27;[2m[           main]&amp#27;[0;39m &amp#27;[36mo.s.b.w.embedded.tomcat.TomcatWebServer &amp#27;[0;39m &amp#27;[2m:&amp#27;[0;39m Tomcat initialized with port(s): 0 (http)
&amp#27;[2m2025-04-07T18:37:17.522+01:00&amp#27;[0;39m &amp#27;[32m INFO&amp#27;[0;39m &amp#27;[35m26306&amp#27;[0;39m &amp#27;[2m---&amp#27;[0;39m &amp#27;[2m[           main]&amp#27;[0;39m &amp#27;[36mo.apache.catalina.core.StandardService  &amp#27;[0;39m &amp#27;[2m:&amp#27;[0;39m Starting service [Tomcat]
&amp#27;[2m2025-04-07T18:37:17.522+01:00&amp#27;[0;39m &amp#27;[32m INFO&amp#27;[0;39m &amp#27;[35m26306&amp#27;[0;39m &amp#27;[2m---&amp#27;[0;39m &amp#27;[2m[           main]&amp#27;[0;39m &amp#27;[36mo.apache.catalina.core.StandardEngine   &amp#27;[0;39m &amp#27;[2m:&amp#27;[0;39m Starting Servlet engine: [Apache Tomcat/10.1.13]
&amp#27;[2m2025-04-07T18:37:17.579+01:00&amp#27;[0;39m &amp#27;[32m INFO&amp#27;[0;39m &amp#27;[35m26306&amp#27;[0;39m &amp#27;[2m---&amp#27;[0;39m &amp#27;[2m[           main]&amp#27;[0;39m &amp#27;[36mo.a.c.c.C.[Tomcat].[localhost].[/]      &amp#27;[0;39m &amp#27;[2m:&amp#27;[0;39m Initializing Spring embedded WebApplicationContext
&amp#27;[2m2025-04-07T18:37:17.580+01:00&amp#27;[0;39m &amp#27;[32m INFO&amp#27;[0;39m &amp#27;[35m26306&amp#27;[0;39m &amp#27;[2m---&amp#27;[0;39m &amp#27;[2m[           main]&amp#27;[0;39m &amp#27;[36mw.s.c.ServletWebServerApplicationContext&amp#27;[0;39m &amp#27;[2m:&amp#27;[0;39m Root WebApplicationContext: initialization completed in 1039 ms
&amp#27;[2m2025-04-07T18:37:17.748+01:00&amp#27;[0;39m &amp#27;[32m INFO&amp#27;[0;39m &amp#27;[35m26306&amp#27;[0;39m &amp#27;[2m---&amp#27;[0;39m &amp#27;[2m[           main]&amp#27;[0;39m &amp#27;[36mo.hibernate.jpa.internal.util.LogHelper &amp#27;[0;39m &amp#27;[2m:&amp#27;[0;39m HHH000204: Processing PersistenceUnitInfo [name: default]
&amp#27;[2m2025-04-07T18:37:17.798+01:00&amp#27;[0;39m &amp#27;[32m INFO&amp#27;[0;39m &amp#27;[35m26306&amp#27;[0;39m &amp#27;[2m---&amp#27;[0;39m &amp#27;[2m[           main]&amp#27;[0;39m &amp#27;[36morg.hibernate.Version                   &amp#27;[0;39m &amp#27;[2m:&amp#27;[0;39m HHH000412: Hibernate ORM core version 6.2.9.Final
&amp#27;[2m2025-04-07T18:37:17.800+01:00&amp#27;[0;39m &amp#27;[32m INFO&amp#27;[0;39m &amp#27;[35m26306&amp#27;[0;39m &amp#27;[2m---&amp#27;[0;39m &amp#27;[2m[           main]&amp#27;[0;39m &amp#27;[36morg.hibernate.cfg.Environment           &amp#27;[0;39m &amp#27;[2m:&amp#27;[0;39m HHH000406: Using bytecode reflection optimizer
&amp#27;[2m2025-04-07T18:37:17.901+01:00&amp#27;[0;39m &amp#27;[32m INFO&amp#27;[0;39m &amp#27;[35m26306&amp#27;[0;39m &amp#27;[2m---&amp#27;[0;39m &amp#27;[2m[           main]&amp#27;[0;39m &amp#27;[36mo.h.b.i.BytecodeProviderInitiator       &amp#27;[0;39m &amp#27;[2m:&amp#27;[0;39m HHH000021: Bytecode provider name : bytebuddy
&amp#27;[2m2025-04-07T18:37:18.007+01:00&amp#27;[0;39m &amp#27;[32m INFO&amp#27;[0;39m &amp#27;[35m26306&amp#27;[0;39m &amp#27;[2m---&amp#27;[0;39m &amp#27;[2m[           main]&amp#27;[0;39m &amp#27;[36mo.s.o.j.p.SpringPersistenceUnitInfo     &amp#27;[0;39m &amp#27;[2m:&amp#27;[0;39m No LoadTimeWeaver setup: ignoring JPA class transformer
&amp#27;[2m2025-04-07T18:37:18.021+01:00&amp#27;[0;39m &amp#27;[32m INFO&amp#27;[0;39m &amp#27;[35m26306&amp#27;[0;39m &amp#27;[2m---&amp#27;[0;39m &amp#27;[2m[           main]&amp#27;[0;39m &amp#27;[36mcom.zaxxer.hikari.HikariDataSource      &amp#27;[0;39m &amp#27;[2m:&amp#27;[0;39m HikariPool-1 - Starting...
&amp#27;[2m2025-04-07T18:37:18.236+01:00&amp#27;[0;39m &amp#27;[32m INFO&amp#27;[0;39m &amp#27;[35m26306&amp#27;[0;39m &amp#27;[2m---&amp#27;[0;39m &amp#27;[2m[           main]&amp#27;[0;39m &amp#27;[36mcom.zaxxer.hikari.pool.HikariPool       &amp#27;[0;39m &amp#27;[2m:&amp#27;[0;39m HikariPool-1 - Added connection conn0: url=jdbc:h2:mem:productdb user=SA
&amp#27;[2m2025-04-07T18:37:18.238+01:00&amp#27;[0;39m &amp#27;[32m INFO&amp#27;[0;39m &amp#27;[35m26306&amp#27;[0;39m &amp#27;[2m---&amp#27;[0;39m &amp#27;[2m[           main]&amp#27;[0;39m &amp#27;[36mcom.zaxxer.hikari.HikariDataSource      &amp#27;[0;39m &amp#27;[2m:&amp#27;[0;39m HikariPool-1 - Start completed.
&amp#27;[2m2025-04-07T18:37:18.405+01:00&amp#27;[0;39m &amp#27;[32m INFO&amp#27;[0;39m &amp#27;[35m26306&amp#27;[0;39m &amp#27;[2m---&amp#27;[0;39m &amp#27;[2m[           main]&amp#27;[0;39m &amp#27;[36mo.h.b.i.BytecodeProviderInitiator       &amp#27;[0;39m &amp#27;[2m:&amp#27;[0;39m HHH000021: Bytecode provider name : bytebuddy
&amp#27;[2m2025-04-07T18:37:18.870+01:00&amp#27;[0;39m &amp#27;[32m INFO&amp#27;[0;39m &amp#27;[35m26306&amp#27;[0;39m &amp#27;[2m---&amp#27;[0;39m &amp#27;[2m[           main]&amp#27;[0;39m &amp#27;[36mo.h.e.t.j.p.i.JtaPlatformInitiator      &amp#27;[0;39m &amp#27;[2m:&amp#27;[0;39m HHH000490: Using JtaPlatform implementation: [org.hibernate.engine.transaction.jta.platform.internal.NoJtaPlatform]
&amp#27;[2m2025-04-07T18:37:18.918+01:00&amp#27;[0;39m &amp#27;[32m INFO&amp#27;[0;39m &amp#27;[35m26306&amp#27;[0;39m &amp#27;[2m---&amp#27;[0;39m &amp#27;[2m[           main]&amp#27;[0;39m &amp#27;[36mj.LocalContainerEntityManagerFactoryBean&amp#27;[0;39m &amp#27;[2m:&amp#27;[0;39m Initialized JPA EntityManagerFactory for persistence unit 'default'
&amp#27;[2m2025-04-07T18:37:19.167+01:00&amp#27;[0;39m &amp#27;[33m WARN&amp#27;[0;39m &amp#27;[35m26306&amp#27;[0;39m &amp#27;[2m---&amp#27;[0;39m &amp#27;[2m[           main]&amp#27;[0;39m &amp#27;[36mJpaBaseConfiguration$JpaWebConfiguration&amp#27;[0;39m &amp#27;[2m:&amp#27;[0;39m spring.jpa.open-in-view is enabled by default. Therefore, database queries may be performed during view rendering. Explicitly configure spring.jpa.open-in-view to disable this warning
&amp#27;[2m2025-04-07T18:37:19.451+01:00&amp#27;[0;39m &amp#27;[32m INFO&amp#27;[0;39m &amp#27;[35m26306&amp#27;[0;39m &amp#27;[2m---&amp#27;[0;39m &amp#27;[2m[           main]&amp#27;[0;39m &amp#27;[36mo.s.b.a.e.web.EndpointLinksResolver     &amp#27;[0;39m &amp#27;[2m:&amp#27;[0;39m Exposing 1 endpoint(s) beneath base path '/actuator'
&amp#27;[2m2025-04-07T18:37:19.519+01:00&amp#27;[0;39m &amp#27;[32m INFO&amp#27;[0;39m &amp#27;[35m26306&amp#27;[0;39m &amp#27;[2m---&amp#27;[0;39m &amp#27;[2m[           main]&amp#27;[0;39m &amp#27;[36mo.s.b.w.embedded.tomcat.TomcatWebServer &amp#27;[0;39m &amp#27;[2m:&amp#27;[0;39m Tomcat started on port(s): 51959 (http) with context path ''
&amp#27;[2m2025-04-07T18:37:19.532+01:00&amp#27;[0;39m &amp#27;[32m INFO&amp#27;[0;39m &amp#27;[35m26306&amp#27;[0;39m &amp#27;[2m---&amp#27;[0;39m &amp#27;[2m[           main]&amp#27;[0;39m &amp#27;[36mcom.tus.product.ProductE2ETest          &amp#27;[0;39m &amp#27;[2m:&amp#27;[0;39m Started ProductE2ETest in 3.235 seconds (process running for 4.138)
&amp#27;[2m2025-04-07T18:37:20.122+01:00&amp#27;[0;39m &amp#27;[32m INFO&amp#27;[0;39m &amp#27;[35m26306&amp#27;[0;39m &amp#27;[2m---&amp#27;[0;39m &amp#27;[2m[o-auto-1-exec-1]&amp#27;[0;39m &amp#27;[36mo.a.c.c.C.[Tomcat].[localhost].[/]      &amp#27;[0;39m &amp#27;[2m:&amp#27;[0;39m Initializing Spring DispatcherServlet 'dispatcherServlet'
&amp#27;[2m2025-04-07T18:37:20.122+01:00&amp#27;[0;39m &amp#27;[32m INFO&amp#27;[0;39m &amp#27;[35m26306&amp#27;[0;39m &amp#27;[2m---&amp#27;[0;39m &amp#27;[2m[o-auto-1-exec-1]&amp#27;[0;39m &amp#27;[36mo.s.web.servlet.DispatcherServlet       &amp#27;[0;39m &amp#27;[2m:&amp#27;[0;39m Initializing Servlet 'dispatcherServlet'
&amp#27;[2m2025-04-07T18:37:20.123+01:00&amp#27;[0;39m &amp#27;[32m INFO&amp#27;[0;39m &amp#27;[35m26306&amp#27;[0;39m &amp#27;[2m---&amp#27;[0;39m &amp#27;[2m[o-auto-1-exec-1]&amp#27;[0;39m &amp#27;[36mo.s.web.servlet.DispatcherServlet       &amp#27;[0;39m &amp#27;[2m:&amp#27;[0;39m Completed initialization in 1 ms
&amp#27;[2m2025-04-07T18:37:20.182+01:00&amp#27;[0;39m &amp#27;[32m INFO&amp#27;[0;39m &amp#27;[35m26306&amp#27;[0;39m &amp#27;[2m---&amp#27;[0;39m &amp#27;[2m[           main]&amp#27;[0;39m &amp#27;[36mo.apache.catalina.core.StandardService  &amp#27;[0;39m &amp#27;[2m:&amp#27;[0;39m Stopping service [Tomcat]
&amp#27;[2m2025-04-07T18:37:20.183+01:00&amp#27;[0;39m &amp#27;[32m INFO&amp#27;[0;39m &amp#27;[35m26306&amp#27;[0;39m &amp#27;[2m---&amp#27;[0;39m &amp#27;[2m[           main]&amp#27;[0;39m &amp#27;[36mo.a.c.c.C.[Tomcat].[localhost].[/]      &amp#27;[0;39m &amp#27;[2m:&amp#27;[0;39m Destroying Spring FrameworkServlet 'dispatcherServlet'
&amp#27;[2m2025-04-07T18:37:20.189+01:00&amp#27;[0;39m &amp#27;[32m INFO&amp#27;[0;39m &amp#27;[35m26306&amp#27;[0;39m &amp#27;[2m---&amp#27;[0;39m &amp#27;[2m[           main]&amp#27;[0;39m &amp#27;[36mj.LocalContainerEntityManagerFactoryBean&amp#27;[0;39m &amp#27;[2m:&amp#27;[0;39m Closing JPA EntityManagerFactory for persistence unit 'default'
&amp#27;[2m2025-04-07T18:37:20.190+01:00&amp#27;[0;39m &amp#27;[32m INFO&amp#27;[0;39m &amp#27;[35m26306&amp#27;[0;39m &amp#27;[2m---&amp#27;[0;39m &amp#27;[2m[           main]&amp#27;[0;39m &amp#27;[36mcom.zaxxer.hikari.HikariDataSource      &amp#27;[0;39m &amp#27;[2m:&amp#27;[0;39m HikariPool-1 - Shutdown initiated...
&amp#27;[2m2025-04-07T18:37:20.191+01:00&amp#27;[0;39m &amp#27;[32m INFO&amp#27;[0;39m &amp#27;[35m26306&amp#27;[0;39m &amp#27;[2m---&amp#27;[0;39m &amp#27;[2m[           main]&amp#27;[0;39m &amp#27;[36mcom.zaxxer.hikari.HikariDataSource      &amp#27;[0;39m &amp#27;[2m:&amp#27;[0;39m HikariPool-1 - Shutdown completed.
]]></system-out>
    <system-err><![CDATA[WARNING: A Java agent has been loaded dynamically (/Users/rushikesh/.m2/repository/net/bytebuddy/byte-buddy-agent/1.14.8/byte-buddy-agent-1.14.8.jar)
WARNING: If a serviceability tool is in use, please run with -XX:+EnableDynamicAgentLoading to hide this warning
WARNING: If a serviceability tool is not in use, please run with -Djdk.instrument.traceUsage for more information
WARNING: Dynamic loading of agents will be disallowed by default in a future release
]]></system-err>
  </testcase>
  <testcase name="testCreateProductE2E_WithValidCoupon" classname="com.tus.product.ProductE2ETest" time="0.076">
    <system-out><![CDATA[
  .   ____          _            __ _ _
 /\\ / ___'_ __ _ _(_)_ __  __ _ \ \ \ \
( ( )\___ | '_ | '_| | '_ \/ _` | \ \ \ \
 \\/  ___)| |_)| | | | | || (_| |  ) ) ) )
  '  |____| .__|_| |_|_| |_\__, | / / / /
 =========|_|==============|___/=/_/_/_/
&amp#27;[32m :: Spring Boot :: &amp#27;[39m              &amp#27;[2m (v3.1.4)&amp#27;[0;39m

&amp#27;[2m2025-04-07T18:37:20.214+01:00&amp#27;[0;39m &amp#27;[32m INFO&amp#27;[0;39m &amp#27;[35m26306&amp#27;[0;39m &amp#27;[2m---&amp#27;[0;39m &amp#27;[2m[           main]&amp#27;[0;39m &amp#27;[36mcom.tus.product.ProductE2ETest          &amp#27;[0;39m &amp#27;[2m:&amp#27;[0;39m Starting ProductE2ETest using Java 23.0.2 with PID 26306 (started by rushikesh in /Users/rushikesh/Desktop/Microservices/productservice)
&amp#27;[2m2025-04-07T18:37:20.214+01:00&amp#27;[0;39m &amp#27;[32m INFO&amp#27;[0;39m &amp#27;[35m26306&amp#27;[0;39m &amp#27;[2m---&amp#27;[0;39m &amp#27;[2m[           main]&amp#27;[0;39m &amp#27;[36mcom.tus.product.ProductE2ETest          &amp#27;[0;39m &amp#27;[2m:&amp#27;[0;39m No active profile set, falling back to 1 default profile: "default"
&amp#27;[2m2025-04-07T18:37:20.328+01:00&amp#27;[0;39m &amp#27;[32m INFO&amp#27;[0;39m &amp#27;[35m26306&amp#27;[0;39m &amp#27;[2m---&amp#27;[0;39m &amp#27;[2m[           main]&amp#27;[0;39m &amp#27;[36m.s.d.r.c.RepositoryConfigurationDelegate&amp#27;[0;39m &amp#27;[2m:&amp#27;[0;39m Bootstrapping Spring Data JPA repositories in DEFAULT mode.
&amp#27;[2m2025-04-07T18:37:20.332+01:00&amp#27;[0;39m &amp#27;[32m INFO&amp#27;[0;39m &amp#27;[35m26306&amp#27;[0;39m &amp#27;[2m---&amp#27;[0;39m &amp#27;[2m[           main]&amp#27;[0;39m &amp#27;[36m.s.d.r.c.RepositoryConfigurationDelegate&amp#27;[0;39m &amp#27;[2m:&amp#27;[0;39m Finished Spring Data repository scanning in 3 ms. Found 2 JPA repository interfaces.
&amp#27;[2m2025-04-07T18:37:20.373+01:00&amp#27;[0;39m &amp#27;[32m INFO&amp#27;[0;39m &amp#27;[35m26306&amp#27;[0;39m &amp#27;[2m---&amp#27;[0;39m &amp#27;[2m[           main]&amp#27;[0;39m &amp#27;[36mo.s.b.w.embedded.tomcat.TomcatWebServer &amp#27;[0;39m &amp#27;[2m:&amp#27;[0;39m Tomcat initialized with port(s): 0 (http)
&amp#27;[2m2025-04-07T18:37:20.374+01:00&amp#27;[0;39m &amp#27;[32m INFO&amp#27;[0;39m &amp#27;[35m26306&amp#27;[0;39m &amp#27;[2m---&amp#27;[0;39m &amp#27;[2m[           main]&amp#27;[0;39m &amp#27;[36mo.apache.catalina.core.StandardService  &amp#27;[0;39m &amp#27;[2m:&amp#27;[0;39m Starting service [Tomcat]
&amp#27;[2m2025-04-07T18:37:20.374+01:00&amp#27;[0;39m &amp#27;[32m INFO&amp#27;[0;39m &amp#27;[35m26306&amp#27;[0;39m &amp#27;[2m---&amp#27;[0;39m &amp#27;[2m[           main]&amp#27;[0;39m &amp#27;[36mo.apache.catalina.core.StandardEngine   &amp#27;[0;39m &amp#27;[2m:&amp#27;[0;39m Starting Servlet engine: [Apache Tomcat/10.1.13]
&amp#27;[2m2025-04-07T18:37:20.381+01:00&amp#27;[0;39m &amp#27;[32m INFO&amp#27;[0;39m &amp#27;[35m26306&amp#27;[0;39m &amp#27;[2m---&amp#27;[0;39m &amp#27;[2m[           main]&amp#27;[0;39m &amp#27;[36mo.a.c.c.C.[Tomcat].[localhost].[/]      &amp#27;[0;39m &amp#27;[2m:&amp#27;[0;39m Initializing Spring embedded WebApplicationContext
&amp#27;[2m2025-04-07T18:37:20.381+01:00&amp#27;[0;39m &amp#27;[32m INFO&amp#27;[0;39m &amp#27;[35m26306&amp#27;[0;39m &amp#27;[2m---&amp#27;[0;39m &amp#27;[2m[           main]&amp#27;[0;39m &amp#27;[36mw.s.c.ServletWebServerApplicationContext&amp#27;[0;39m &amp#27;[2m:&amp#27;[0;39m Root WebApplicationContext: initialization completed in 165 ms
&amp#27;[2m2025-04-07T18:37:20.412+01:00&amp#27;[0;39m &amp#27;[32m INFO&amp#27;[0;39m &amp#27;[35m26306&amp#27;[0;39m &amp#27;[2m---&amp#27;[0;39m &amp#27;[2m[           main]&amp#27;[0;39m &amp#27;[36mo.hibernate.jpa.internal.util.LogHelper &amp#27;[0;39m &amp#27;[2m:&amp#27;[0;39m HHH000204: Processing PersistenceUnitInfo [name: default]
&amp#27;[2m2025-04-07T18:37:20.414+01:00&amp#27;[0;39m &amp#27;[32m INFO&amp#27;[0;39m &amp#27;[35m26306&amp#27;[0;39m &amp#27;[2m---&amp#27;[0;39m &amp#27;[2m[           main]&amp#27;[0;39m &amp#27;[36mo.h.b.i.BytecodeProviderInitiator       &amp#27;[0;39m &amp#27;[2m:&amp#27;[0;39m HHH000021: Bytecode provider name : bytebuddy
&amp#27;[2m2025-04-07T18:37:20.414+01:00&amp#27;[0;39m &amp#27;[32m INFO&amp#27;[0;39m &amp#27;[35m26306&amp#27;[0;39m &amp#27;[2m---&amp#27;[0;39m &amp#27;[2m[           main]&amp#27;[0;39m &amp#27;[36mo.s.o.j.p.SpringPersistenceUnitInfo     &amp#27;[0;39m &amp#27;[2m:&amp#27;[0;39m No LoadTimeWeaver setup: ignoring JPA class transformer
&amp#27;[2m2025-04-07T18:37:20.414+01:00&amp#27;[0;39m &amp#27;[32m INFO&amp#27;[0;39m &amp#27;[35m26306&amp#27;[0;39m &amp#27;[2m---&amp#27;[0;39m &amp#27;[2m[           main]&amp#27;[0;39m &amp#27;[36mcom.zaxxer.hikari.HikariDataSource      &amp#27;[0;39m &amp#27;[2m:&amp#27;[0;39m HikariPool-2 - Starting...
&amp#27;[2m2025-04-07T18:37:20.415+01:00&amp#27;[0;39m &amp#27;[32m INFO&amp#27;[0;39m &amp#27;[35m26306&amp#27;[0;39m &amp#27;[2m---&amp#27;[0;39m &amp#27;[2m[           main]&amp#27;[0;39m &amp#27;[36mcom.zaxxer.hikari.pool.HikariPool       &amp#27;[0;39m &amp#27;[2m:&amp#27;[0;39m HikariPool-2 - Added connection conn10: url=jdbc:h2:mem:productdb user=SA
&amp#27;[2m2025-04-07T18:37:20.415+01:00&amp#27;[0;39m &amp#27;[32m INFO&amp#27;[0;39m &amp#27;[35m26306&amp#27;[0;39m &amp#27;[2m---&amp#27;[0;39m &amp#27;[2m[           main]&amp#27;[0;39m &amp#27;[36mcom.zaxxer.hikari.HikariDataSource      &amp#27;[0;39m &amp#27;[2m:&amp#27;[0;39m HikariPool-2 - Start completed.
&amp#27;[2m2025-04-07T18:37:20.419+01:00&amp#27;[0;39m &amp#27;[32m INFO&amp#27;[0;39m &amp#27;[35m26306&amp#27;[0;39m &amp#27;[2m---&amp#27;[0;39m &amp#27;[2m[           main]&amp#27;[0;39m &amp#27;[36mo.h.b.i.BytecodeProviderInitiator       &amp#27;[0;39m &amp#27;[2m:&amp#27;[0;39m HHH000021: Bytecode provider name : bytebuddy
&amp#27;[2m2025-04-07T18:37:20.447+01:00&amp#27;[0;39m &amp#27;[32m INFO&amp#27;[0;39m &amp#27;[35m26306&amp#27;[0;39m &amp#27;[2m---&amp#27;[0;39m &amp#27;[2m[           main]&amp#27;[0;39m &amp#27;[36mo.h.e.t.j.p.i.JtaPlatformInitiator      &amp#27;[0;39m &amp#27;[2m:&amp#27;[0;39m HHH000490: Using JtaPlatform implementation: [org.hibernate.engine.transaction.jta.platform.internal.NoJtaPlatform]
&amp#27;[2m2025-04-07T18:37:20.449+01:00&amp#27;[0;39m &amp#27;[32m INFO&amp#27;[0;39m &amp#27;[35m26306&amp#27;[0;39m &amp#27;[2m---&amp#27;[0;39m &amp#27;[2m[           main]&amp#27;[0;39m &amp#27;[36mj.LocalContainerEntityManagerFactoryBean&amp#27;[0;39m &amp#27;[2m:&amp#27;[0;39m Initialized JPA EntityManagerFactory for persistence unit 'default'
&amp#27;[2m2025-04-07T18:37:20.482+01:00&amp#27;[0;39m &amp#27;[33m WARN&amp#27;[0;39m &amp#27;[35m26306&amp#27;[0;39m &amp#27;[2m---&amp#27;[0;39m &amp#27;[2m[           main]&amp#27;[0;39m &amp#27;[36mJpaBaseConfiguration$JpaWebConfiguration&amp#27;[0;39m &amp#27;[2m:&amp#27;[0;39m spring.jpa.open-in-view is enabled by default. Therefore, database queries may be performed during view rendering. Explicitly configure spring.jpa.open-in-view to disable this warning
&amp#27;[2m2025-04-07T18:37:20.580+01:00&amp#27;[0;39m &amp#27;[32m INFO&amp#27;[0;39m &amp#27;[35m26306&amp#27;[0;39m &amp#27;[2m---&amp#27;[0;39m &amp#27;[2m[           main]&amp#27;[0;39m &amp#27;[36mo.s.b.a.e.web.EndpointLinksResolver     &amp#27;[0;39m &amp#27;[2m:&amp#27;[0;39m Exposing 1 endpoint(s) beneath base path '/actuator'
&amp#27;[2m2025-04-07T18:37:20.591+01:00&amp#27;[0;39m &amp#27;[32m INFO&amp#27;[0;39m &amp#27;[35m26306&amp#27;[0;39m &amp#27;[2m---&amp#27;[0;39m &amp#27;[2m[           main]&amp#27;[0;39m &amp#27;[36mo.s.b.w.embedded.tomcat.TomcatWebServer &amp#27;[0;39m &amp#27;[2m:&amp#27;[0;39m Tomcat started on port(s): 51962 (http) with context path ''
&amp#27;[2m2025-04-07T18:37:20.594+01:00&amp#27;[0;39m &amp#27;[32m INFO&amp#27;[0;39m &amp#27;[35m26306&amp#27;[0;39m &amp#27;[2m---&amp#27;[0;39m &amp#27;[2m[           main]&amp#27;[0;39m &amp#27;[36mcom.tus.product.ProductE2ETest          &amp#27;[0;39m &amp#27;[2m:&amp#27;[0;39m Started ProductE2ETest in 0.398 seconds (process running for 5.201)
&amp#27;[2m2025-04-07T18:37:20.631+01:00&amp#27;[0;39m &amp#27;[32m INFO&amp#27;[0;39m &amp#27;[35m26306&amp#27;[0;39m &amp#27;[2m---&amp#27;[0;39m &amp#27;[2m[o-auto-2-exec-1]&amp#27;[0;39m &amp#27;[36mo.a.c.c.C.[Tomcat].[localhost].[/]      &amp#27;[0;39m &amp#27;[2m:&amp#27;[0;39m Initializing Spring DispatcherServlet 'dispatcherServlet'
&amp#27;[2m2025-04-07T18:37:20.631+01:00&amp#27;[0;39m &amp#27;[32m INFO&amp#27;[0;39m &amp#27;[35m26306&amp#27;[0;39m &amp#27;[2m---&amp#27;[0;39m &amp#27;[2m[o-auto-2-exec-1]&amp#27;[0;39m &amp#27;[36mo.s.web.servlet.DispatcherServlet       &amp#27;[0;39m &amp#27;[2m:&amp#27;[0;39m Initializing Servlet 'dispatcherServlet'
&amp#27;[2m2025-04-07T18:37:20.632+01:00&amp#27;[0;39m &amp#27;[32m INFO&amp#27;[0;39m &amp#27;[35m26306&amp#27;[0;39m &amp#27;[2m---&amp#27;[0;39m &amp#27;[2m[o-auto-2-exec-1]&amp#27;[0;39m &amp#27;[36mo.s.web.servlet.DispatcherServlet       &amp#27;[0;39m &amp#27;[2m:&amp#27;[0;39m Completed initialization in 1 ms
&amp#27;[2m2025-04-07T18:37:20.667+01:00&amp#27;[0;39m &amp#27;[32m INFO&amp#27;[0;39m &amp#27;[35m26306&amp#27;[0;39m &amp#27;[2m---&amp#27;[0;39m &amp#27;[2m[           main]&amp#27;[0;39m &amp#27;[36mo.apache.catalina.core.StandardService  &amp#27;[0;39m &amp#27;[2m:&amp#27;[0;39m Stopping service [Tomcat]
&amp#27;[2m2025-04-07T18:37:20.667+01:00&amp#27;[0;39m &amp#27;[32m INFO&amp#27;[0;39m &amp#27;[35m26306&amp#27;[0;39m &amp#27;[2m---&amp#27;[0;39m &amp#27;[2m[           main]&amp#27;[0;39m &amp#27;[36mo.a.c.c.C.[Tomcat].[localhost].[/]      &amp#27;[0;39m &amp#27;[2m:&amp#27;[0;39m Destroying Spring FrameworkServlet 'dispatcherServlet'
&amp#27;[2m2025-04-07T18:37:20.670+01:00&amp#27;[0;39m &amp#27;[32m INFO&amp#27;[0;39m &amp#27;[35m26306&amp#27;[0;39m &amp#27;[2m---&amp#27;[0;39m &amp#27;[2m[           main]&amp#27;[0;39m &amp#27;[36mj.LocalContainerEntityManagerFactoryBean&amp#27;[0;39m &amp#27;[2m:&amp#27;[0;39m Closing JPA EntityManagerFactory for persistence unit 'default'
&amp#27;[2m2025-04-07T18:37:20.671+01:00&amp#27;[0;39m &amp#27;[32m INFO&amp#27;[0;39m &amp#27;[35m26306&amp#27;[0;39m &amp#27;[2m---&amp#27;[0;39m &amp#27;[2m[           main]&amp#27;[0;39m &amp#27;[36mcom.zaxxer.hikari.HikariDataSource      &amp#27;[0;39m &amp#27;[2m:&amp#27;[0;39m HikariPool-2 - Shutdown initiated...
&amp#27;[2m2025-04-07T18:37:20.672+01:00&amp#27;[0;39m &amp#27;[32m INFO&amp#27;[0;39m &amp#27;[35m26306&amp#27;[0;39m &amp#27;[2m---&amp#27;[0;39m &amp#27;[2m[           main]&amp#27;[0;39m &amp#27;[36mcom.zaxxer.hikari.HikariDataSource      &amp#27;[0;39m &amp#27;[2m:&amp#27;[0;39m HikariPool-2 - Shutdown completed.
]]></system-out>
  </testcase>
  <testcase name="testCreateProductE2E_WithInvalidCoupon" classname="com.tus.product.ProductE2ETest" time="0.046">
    <system-out><![CDATA[
  .   ____          _            __ _ _
 /\\ / ___'_ __ _ _(_)_ __  __ _ \ \ \ \
( ( )\___ | '_ | '_| | '_ \/ _` | \ \ \ \
 \\/  ___)| |_)| | | | | || (_| |  ) ) ) )
  '  |____| .__|_| |_|_| |_\__, | / / / /
 =========|_|==============|___/=/_/_/_/
&amp#27;[32m :: Spring Boot :: &amp#27;[39m              &amp#27;[2m (v3.1.4)&amp#27;[0;39m

&amp#27;[2m2025-04-07T18:37:20.686+01:00&amp#27;[0;39m &amp#27;[32m INFO&amp#27;[0;39m &amp#27;[35m26306&amp#27;[0;39m &amp#27;[2m---&amp#27;[0;39m &amp#27;[2m[           main]&amp#27;[0;39m &amp#27;[36mcom.tus.product.ProductE2ETest          &amp#27;[0;39m &amp#27;[2m:&amp#27;[0;39m Starting ProductE2ETest using Java 23.0.2 with PID 26306 (started by rushikesh in /Users/rushikesh/Desktop/Microservices/productservice)
&amp#27;[2m2025-04-07T18:37:20.686+01:00&amp#27;[0;39m &amp#27;[32m INFO&amp#27;[0;39m &amp#27;[35m26306&amp#27;[0;39m &amp#27;[2m---&amp#27;[0;39m &amp#27;[2m[           main]&amp#27;[0;39m &amp#27;[36mcom.tus.product.ProductE2ETest          &amp#27;[0;39m &amp#27;[2m:&amp#27;[0;39m No active profile set, falling back to 1 default profile: "default"
&amp#27;[2m2025-04-07T18:37:20.773+01:00&amp#27;[0;39m &amp#27;[32m INFO&amp#27;[0;39m &amp#27;[35m26306&amp#27;[0;39m &amp#27;[2m---&amp#27;[0;39m &amp#27;[2m[           main]&amp#27;[0;39m &amp#27;[36m.s.d.r.c.RepositoryConfigurationDelegate&amp#27;[0;39m &amp#27;[2m:&amp#27;[0;39m Bootstrapping Spring Data JPA repositories in DEFAULT mode.
&amp#27;[2m2025-04-07T18:37:20.777+01:00&amp#27;[0;39m &amp#27;[32m INFO&amp#27;[0;39m &amp#27;[35m26306&amp#27;[0;39m &amp#27;[2m---&amp#27;[0;39m &amp#27;[2m[           main]&amp#27;[0;39m &amp#27;[36m.s.d.r.c.RepositoryConfigurationDelegate&amp#27;[0;39m &amp#27;[2m:&amp#27;[0;39m Finished Spring Data repository scanning in 3 ms. Found 2 JPA repository interfaces.
&amp#27;[2m2025-04-07T18:37:20.804+01:00&amp#27;[0;39m &amp#27;[32m INFO&amp#27;[0;39m &amp#27;[35m26306&amp#27;[0;39m &amp#27;[2m---&amp#27;[0;39m &amp#27;[2m[           main]&amp#27;[0;39m &amp#27;[36mo.s.b.w.embedded.tomcat.TomcatWebServer &amp#27;[0;39m &amp#27;[2m:&amp#27;[0;39m Tomcat initialized with port(s): 0 (http)
&amp#27;[2m2025-04-07T18:37:20.804+01:00&amp#27;[0;39m &amp#27;[32m INFO&amp#27;[0;39m &amp#27;[35m26306&amp#27;[0;39m &amp#27;[2m---&amp#27;[0;39m &amp#27;[2m[           main]&amp#27;[0;39m &amp#27;[36mo.apache.catalina.core.StandardService  &amp#27;[0;39m &amp#27;[2m:&amp#27;[0;39m Starting service [Tomcat]
&amp#27;[2m2025-04-07T18:37:20.804+01:00&amp#27;[0;39m &amp#27;[32m INFO&amp#27;[0;39m &amp#27;[35m26306&amp#27;[0;39m &amp#27;[2m---&amp#27;[0;39m &amp#27;[2m[           main]&amp#27;[0;39m &amp#27;[36mo.apache.catalina.core.StandardEngine   &amp#27;[0;39m &amp#27;[2m:&amp#27;[0;39m Starting Servlet engine: [Apache Tomcat/10.1.13]
&amp#27;[2m2025-04-07T18:37:20.810+01:00&amp#27;[0;39m &amp#27;[32m INFO&amp#27;[0;39m &amp#27;[35m26306&amp#27;[0;39m &amp#27;[2m---&amp#27;[0;39m &amp#27;[2m[           main]&amp#27;[0;39m &amp#27;[36mo.a.c.c.C.[Tomcat].[localhost].[/]      &amp#27;[0;39m &amp#27;[2m:&amp#27;[0;39m Initializing Spring embedded WebApplicationContext
&amp#27;[2m2025-04-07T18:37:20.811+01:00&amp#27;[0;39m &amp#27;[32m INFO&amp#27;[0;39m &amp#27;[35m26306&amp#27;[0;39m &amp#27;[2m---&amp#27;[0;39m &amp#27;[2m[           main]&amp#27;[0;39m &amp#27;[36mw.s.c.ServletWebServerApplicationContext&amp#27;[0;39m &amp#27;[2m:&amp#27;[0;39m Root WebApplicationContext: initialization completed in 124 ms
&amp#27;[2m2025-04-07T18:37:20.834+01:00&amp#27;[0;39m &amp#27;[32m INFO&amp#27;[0;39m &amp#27;[35m26306&amp#27;[0;39m &amp#27;[2m---&amp#27;[0;39m &amp#27;[2m[           main]&amp#27;[0;39m &amp#27;[36mo.hibernate.jpa.internal.util.LogHelper &amp#27;[0;39m &amp#27;[2m:&amp#27;[0;39m HHH000204: Processing PersistenceUnitInfo [name: default]
&amp#27;[2m2025-04-07T18:37:20.836+01:00&amp#27;[0;39m &amp#27;[32m INFO&amp#27;[0;39m &amp#27;[35m26306&amp#27;[0;39m &amp#27;[2m---&amp#27;[0;39m &amp#27;[2m[           main]&amp#27;[0;39m &amp#27;[36mo.h.b.i.BytecodeProviderInitiator       &amp#27;[0;39m &amp#27;[2m:&amp#27;[0;39m HHH000021: Bytecode provider name : bytebuddy
&amp#27;[2m2025-04-07T18:37:20.836+01:00&amp#27;[0;39m &amp#27;[32m INFO&amp#27;[0;39m &amp#27;[35m26306&amp#27;[0;39m &amp#27;[2m---&amp#27;[0;39m &amp#27;[2m[           main]&amp#27;[0;39m &amp#27;[36mo.s.o.j.p.SpringPersistenceUnitInfo     &amp#27;[0;39m &amp#27;[2m:&amp#27;[0;39m No LoadTimeWeaver setup: ignoring JPA class transformer
&amp#27;[2m2025-04-07T18:37:20.836+01:00&amp#27;[0;39m &amp#27;[32m INFO&amp#27;[0;39m &amp#27;[35m26306&amp#27;[0;39m &amp#27;[2m---&amp#27;[0;39m &amp#27;[2m[           main]&amp#27;[0;39m &amp#27;[36mcom.zaxxer.hikari.HikariDataSource      &amp#27;[0;39m &amp#27;[2m:&amp#27;[0;39m HikariPool-3 - Starting...
&amp#27;[2m2025-04-07T18:37:20.837+01:00&amp#27;[0;39m &amp#27;[32m INFO&amp#27;[0;39m &amp#27;[35m26306&amp#27;[0;39m &amp#27;[2m---&amp#27;[0;39m &amp#27;[2m[           main]&amp#27;[0;39m &amp#27;[36mcom.zaxxer.hikari.pool.HikariPool       &amp#27;[0;39m &amp#27;[2m:&amp#27;[0;39m HikariPool-3 - Added connection conn20: url=jdbc:h2:mem:productdb user=SA
&amp#27;[2m2025-04-07T18:37:20.837+01:00&amp#27;[0;39m &amp#27;[32m INFO&amp#27;[0;39m &amp#27;[35m26306&amp#27;[0;39m &amp#27;[2m---&amp#27;[0;39m &amp#27;[2m[           main]&amp#27;[0;39m &amp#27;[36mcom.zaxxer.hikari.HikariDataSource      &amp#27;[0;39m &amp#27;[2m:&amp#27;[0;39m HikariPool-3 - Start completed.
&amp#27;[2m2025-04-07T18:37:20.841+01:00&amp#27;[0;39m &amp#27;[32m INFO&amp#27;[0;39m &amp#27;[35m26306&amp#27;[0;39m &amp#27;[2m---&amp#27;[0;39m &amp#27;[2m[           main]&amp#27;[0;39m &amp#27;[36mo.h.b.i.BytecodeProviderInitiator       &amp#27;[0;39m &amp#27;[2m:&amp#27;[0;39m HHH000021: Bytecode provider name : bytebuddy
&amp#27;[2m2025-04-07T18:37:20.865+01:00&amp#27;[0;39m &amp#27;[32m INFO&amp#27;[0;39m &amp#27;[35m26306&amp#27;[0;39m &amp#27;[2m---&amp#27;[0;39m &amp#27;[2m[           main]&amp#27;[0;39m &amp#27;[36mo.h.e.t.j.p.i.JtaPlatformInitiator      &amp#27;[0;39m &amp#27;[2m:&amp#27;[0;39m HHH000490: Using JtaPlatform implementation: [org.hibernate.engine.transaction.jta.platform.internal.NoJtaPlatform]
&amp#27;[2m2025-04-07T18:37:20.866+01:00&amp#27;[0;39m &amp#27;[32m INFO&amp#27;[0;39m &amp#27;[35m26306&amp#27;[0;39m &amp#27;[2m---&amp#27;[0;39m &amp#27;[2m[           main]&amp#27;[0;39m &amp#27;[36mj.LocalContainerEntityManagerFactoryBean&amp#27;[0;39m &amp#27;[2m:&amp#27;[0;39m Initialized JPA EntityManagerFactory for persistence unit 'default'
&amp#27;[2m2025-04-07T18:37:20.892+01:00&amp#27;[0;39m &amp#27;[33m WARN&amp#27;[0;39m &amp#27;[35m26306&amp#27;[0;39m &amp#27;[2m---&amp#27;[0;39m &amp#27;[2m[           main]&amp#27;[0;39m &amp#27;[36mJpaBaseConfiguration$JpaWebConfiguration&amp#27;[0;39m &amp#27;[2m:&amp#27;[0;39m spring.jpa.open-in-view is enabled by default. Therefore, database queries may be performed during view rendering. Explicitly configure spring.jpa.open-in-view to disable this warning
&amp#27;[2m2025-04-07T18:37:20.932+01:00&amp#27;[0;39m &amp#27;[32m INFO&amp#27;[0;39m &amp#27;[35m26306&amp#27;[0;39m &amp#27;[2m---&amp#27;[0;39m &amp#27;[2m[           main]&amp#27;[0;39m &amp#27;[36mo.s.b.a.e.web.EndpointLinksResolver     &amp#27;[0;39m &amp#27;[2m:&amp#27;[0;39m Exposing 1 endpoint(s) beneath base path '/actuator'
&amp#27;[2m2025-04-07T18:37:20.940+01:00&amp#27;[0;39m &amp#27;[32m INFO&amp#27;[0;39m &amp#27;[35m26306&amp#27;[0;39m &amp#27;[2m---&amp#27;[0;39m &amp#27;[2m[           main]&amp#27;[0;39m &amp#27;[36mo.s.b.w.embedded.tomcat.TomcatWebServer &amp#27;[0;39m &amp#27;[2m:&amp#27;[0;39m Tomcat started on port(s): 51965 (http) with context path ''
&amp#27;[2m2025-04-07T18:37:20.944+01:00&amp#27;[0;39m &amp#27;[32m INFO&amp#27;[0;39m &amp#27;[35m26306&amp#27;[0;39m &amp#27;[2m---&amp#27;[0;39m &amp#27;[2m[           main]&amp#27;[0;39m &amp#27;[36mcom.tus.product.ProductE2ETest          &amp#27;[0;39m &amp#27;[2m:&amp#27;[0;39m Started ProductE2ETest in 0.269 seconds (process running for 5.551)
&amp#27;[2m2025-04-07T18:37:20.960+01:00&amp#27;[0;39m &amp#27;[32m INFO&amp#27;[0;39m &amp#27;[35m26306&amp#27;[0;39m &amp#27;[2m---&amp#27;[0;39m &amp#27;[2m[o-auto-3-exec-1]&amp#27;[0;39m &amp#27;[36mo.a.c.c.C.[Tomcat].[localhost].[/]      &amp#27;[0;39m &amp#27;[2m:&amp#27;[0;39m Initializing Spring DispatcherServlet 'dispatcherServlet'
&amp#27;[2m2025-04-07T18:37:20.960+01:00&amp#27;[0;39m &amp#27;[32m INFO&amp#27;[0;39m &amp#27;[35m26306&amp#27;[0;39m &amp#27;[2m---&amp#27;[0;39m &amp#27;[2m[o-auto-3-exec-1]&amp#27;[0;39m &amp#27;[36mo.s.web.servlet.DispatcherServlet       &amp#27;[0;39m &amp#27;[2m:&amp#27;[0;39m Initializing Servlet 'dispatcherServlet'
&amp#27;[2m2025-04-07T18:37:20.961+01:00&amp#27;[0;39m &amp#27;[32m INFO&amp#27;[0;39m &amp#27;[35m26306&amp#27;[0;39m &amp#27;[2m---&amp#27;[0;39m &amp#27;[2m[o-auto-3-exec-1]&amp#27;[0;39m &amp#27;[36mo.s.web.servlet.DispatcherServlet       &amp#27;[0;39m &amp#27;[2m:&amp#27;[0;39m Completed initialization in 1 ms
&amp#27;[2m2025-04-07T18:37:20.984+01:00&amp#27;[0;39m &amp#27;[32m INFO&amp#27;[0;39m &amp#27;[35m26306&amp#27;[0;39m &amp#27;[2m---&amp#27;[0;39m &amp#27;[2m[           main]&amp#27;[0;39m &amp#27;[36mo.apache.catalina.core.StandardService  &amp#27;[0;39m &amp#27;[2m:&amp#27;[0;39m Stopping service [Tomcat]
&amp#27;[2m2025-04-07T18:37:20.984+01:00&amp#27;[0;39m &amp#27;[32m INFO&amp#27;[0;39m &amp#27;[35m26306&amp#27;[0;39m &amp#27;[2m---&amp#27;[0;39m &amp#27;[2m[           main]&amp#27;[0;39m &amp#27;[36mo.a.c.c.C.[Tomcat].[localhost].[/]      &amp#27;[0;39m &amp#27;[2m:&amp#27;[0;39m Destroying Spring FrameworkServlet 'dispatcherServlet'
&amp#27;[2m2025-04-07T18:37:20.986+01:00&amp#27;[0;39m &amp#27;[32m INFO&amp#27;[0;39m &amp#27;[35m26306&amp#27;[0;39m &amp#27;[2m---&amp#27;[0;39m &amp#27;[2m[           main]&amp#27;[0;39m &amp#27;[36mj.LocalContainerEntityManagerFactoryBean&amp#27;[0;39m &amp#27;[2m:&amp#27;[0;39m Closing JPA EntityManagerFactory for persistence unit 'default'
&amp#27;[2m2025-04-07T18:37:20.986+01:00&amp#27;[0;39m &amp#27;[32m INFO&amp#27;[0;39m &amp#27;[35m26306&amp#27;[0;39m &amp#27;[2m---&amp#27;[0;39m &amp#27;[2m[           main]&amp#27;[0;39m &amp#27;[36mcom.zaxxer.hikari.HikariDataSource      &amp#27;[0;39m &amp#27;[2m:&amp#27;[0;39m HikariPool-3 - Shutdown initiated...
&amp#27;[2m2025-04-07T18:37:20.992+01:00&amp#27;[0;39m &amp#27;[32m INFO&amp#27;[0;39m &amp#27;[35m26306&amp#27;[0;39m &amp#27;[2m---&amp#27;[0;39m &amp#27;[2m[           main]&amp#27;[0;39m &amp#27;[36mcom.zaxxer.hikari.HikariDataSource      &amp#27;[0;39m &amp#27;[2m:&amp#27;[0;39m HikariPool-3 - Shutdown completed.
]]></system-out>
  </testcase>
</testsuite>